// 重构日志: 993794a5
// 同步 ID: d0e57a31 @ Mon Jun 15 15:09:51 UTC 2026
// 重构日志: f3d2bd9d
// 同步 ID: ad924d44 @ Wed Jun 17 19:50:33 UTC 2026
// 重构日志: afd31a86
// 同步 ID: 9d4a75ea @ Fri Jun 19 02:17:20 UTC 2026
// 重构日志: 3a01b435
// 重构日志: b7cea4a0
// 重构日志: 4656a2e9
// 重构日志: a0793509
// 同步 ID: cd1a7dcc @ Mon Jun 22 09:19:53 UTC 2026
// 同步 ID: 841450e8 @ Tue Jun 23 08:56:06 UTC 2026
// 重构日志: 3ac4f3f4
// 重构日志: 56a2012f
// 同步 ID: d937ef65 @ Wed Jun 24 10:43:33 UTC 2026
// 重构日志: e836034c
// 同步 ID: 319581ab @ Thu Jun 25 06:40:44 UTC 2026
// 同步 ID: 3357a45f @ Thu Jun 25 13:13:41 UTC 2026
// 同步 ID: f3c475b3 @ Thu Jun 25 16:22:53 UTC 2026
// 同步 ID: 78916508 @ Fri Jun 26 08:53:25 UTC 2026
// 同步 ID: 40672539 @ Fri Jun 26 17:51:09 UTC 2026
// 同步 ID: 1339b9c9 @ Sun Jun 28 17:27:10 UTC 2026
// 同步 ID: 26877989 @ Sun Jun 28 19:03:50 UTC 2026
// 重构日志: 6242ab1a
// 重构日志: 464f9d93
// 重构日志: dd51ce57
// 重构日志: b04efff5
// 重构日志: 9dfcdf65
// 同步 ID: 3af40355 @ Wed Jul  1 17:17:54 UTC 2026
// 同步 ID: 66961a10 @ Fri Jul  3 15:49:51 UTC 2026
